08:01:59 ANON SELECT  
    SeqNo,
    SessionId,
    UserId,
    Last,
    Accesses,
    Deadlocks,
    MaxIdleTime
FROM Session
WHERE SessionId = ?SessionId AND State = ?State AND P1 = ?Date AND P2 = ?Time AND P3 = ?TimeStamp AND P4 = ?Int
08:05:22 ANON SELECT  
    SeqNo,
    SessionId,
    UserId,
    Last,
    Accesses,
    Deadlocks,
    MaxIdleTime
FROM Session
WHERE SessionId = ?SessionId AND State = ?State AND P1 = ?Date AND P2 = ?Time AND P3 = ?TimeStamp AND P4 = ?Int
08:08:56 ANON SELECT  
    SeqNo,
    SessionId,
    UserId,
    Last,
    Accesses,
    Deadlocks,
    MaxIdleTime
FROM Session
WHERE SessionId = ?SessionId AND State = ?State AND P1 = ?Date AND P2 = ?Time AND P3 = ?TimeStamp AND P4 = ?Int
08:14:36 ANON SELECT  
    SeqNo,
    SessionId,
    UserId,
    Last,
    Accesses,
    Deadlocks,
    MaxIdleTime
FROM Session
WHERE SessionId = ?SessionId AND State = ?State AND P1 = ?Date AND P2 = ?Time AND P3 = ?TimeStamp AND P4 = ?Int
